<?xml version="1.0" encoding="UTF-8"?>
<!-- Generated by org.testng.reporters.JUnitReportReporter -->
<testsuite hostname="DESKTOP-STL7NMF" failures="0" tests="1" name="keywordDriven.Application" time="302.877" errors="0" timestamp="04 Sep 2019 21:47:09 GMT" skipped="0">
  <testcase classname="keywordDriven.Application" name="verifyInvalidCredentials" time="302.877"/>
</testsuite> <!-- keywordDriven.Application -->
