<?xml version="1.0" encoding="UTF-8"?>
<!-- Generated by org.testng.reporters.JUnitReportReporter -->
<testsuite hostname="DESKTOP-STL7NMF" failures="0" tests="1" name="com.demoaut.newtours.TestScripts.VerifyInvalidCredentialsTest" time="12.500" errors="0" timestamp="28 Aug 2019 23:26:30 GMT" skipped="0">
  <testcase classname="com.demoaut.newtours.TestScripts.VerifyInvalidCredentialsTest" name="verifyInvalidLoginTest" time="12.500"/>
</testsuite> <!-- com.demoaut.newtours.TestScripts.VerifyInvalidCredentialsTest -->
